<?xml version="1.0" encoding="UTF-8"?>
<!-- Generated by org.testng.reporters.JUnitReportReporter -->
<testsuite hostname="DESKTOP-KJC6B92" failures="0" tests="2" name="testPack1.TestClass_2" time="0.022" errors="0" timestamp="2025-01-02T20:26:25 IST" skipped="0">
  <testcase classname="testPack1.TestClass_2" name="testCase1" time="0.013"/>
  <system-out/>
  <testcase classname="testPack1.TestClass_2" name="testCase2" time="0.009"/>
  <system-out/>
</testsuite> <!-- testPack1.TestClass_2 -->
