<?xml version="1.0" encoding="UTF-8"?>
<!-- Generated by org.testng.reporters.JUnitReportReporter -->
<testsuite hostname="DESKTOP-KJC6B92" failures="0" tests="3" name="testPack1.TestClass_1" time="0.021" errors="0" timestamp="2024-12-30T19:36:05 IST" skipped="1">
  <testcase classname="testPack1.TestClass_1" name="m1" time="0.015"/>
  <system-out/>
  <testcase classname="testPack1.TestClass_1" name="m4" time="0.006"/>
  <system-out/>
  <testcase classname="testPack1.TestClass_1" name="m2">
    <skipped/>
  </testcase> <!-- m2 -->
  <system-out/>
</testsuite> <!-- testPack1.TestClass_1 -->
