<?xml version="1.0" encoding="UTF-8"?>
<!-- Generated by org.testng.reporters.JUnitReportReporter -->
<testsuite hostname="DESKTOP-KJC6B92" failures="0" tests="4" name="testPack1.TestClass_2" time="0.027" errors="0" timestamp="2024-12-30T20:39:27 IST" skipped="0">
  <testcase classname="testPack1.TestClass_2" name="testCase1" time="0.012"/>
  <system-out/>
  <testcase classname="testPack1.TestClass_2" name="testCase1" time="0.005"/>
  <system-out/>
  <testcase classname="testPack1.TestClass_2" name="testCase2" time="0.008"/>
  <system-out/>
  <testcase classname="testPack1.TestClass_2" name="testCase2" time="0.002"/>
  <system-out/>
</testsuite> <!-- testPack1.TestClass_2 -->
