<?xml version="1.0" encoding="UTF-8"?>
<!-- Generated by org.testng.reporters.JUnitReportReporter -->
<testsuite hostname="LATITUDE" failures="0" tests="2" name="testRunner.TestReunner" time="63.520" errors="0" timestamp="2025-01-21T20:44:40 IST" skipped="0">
  <testcase classname="testRunner.TestReunner" name="runScenario" time="40.825"/>
  <system-out/>
  <testcase classname="testRunner.TestReunner" name="runScenario" time="22.695"/>
  <system-out/>
</testsuite> <!-- testRunner.TestReunner -->
