<?xml version="1.0" encoding="UTF-8"?>
<!-- Generated by org.testng.reporters.JUnitReportReporter -->
<testsuite hostname="DESKTOP-KJC6B92" failures="0" tests="1" name="testSuits.ChangePasswordTestSuite" time="24.827" errors="0" timestamp="2025-01-15T21:07:29 IST" skipped="0">
  <testcase classname="testSuits.ChangePasswordTestSuite" name="TC123_ChangePasswordTest" time="24.827"/>
  <system-out/>
</testsuite> <!-- testSuits.ChangePasswordTestSuite -->
