<?xml version="1.0" encoding="UTF-8"?>
<!-- Generated by org.testng.reporters.JUnitReportReporter -->
<testsuite hostname="DESKTOP-KJC6B92" failures="0" tests="1" name="testSuits.LoginTestSuite" time="7.764" errors="0" timestamp="2025-01-07T19:41:56 IST" skipped="0">
  <testcase classname="testSuits.LoginTestSuite" name="tc123_LoginTest" time="7.764"/>
  <system-out/>
</testsuite> <!-- testSuits.LoginTestSuite -->
