<?xml version="1.0" encoding="UTF-8"?>
<!-- Generated by org.testng.reporters.JUnitReportReporter -->
<testsuite hostname="DESKTOP-KJC6B92" failures="0" tests="1" name="testSuits.ChangePasswordTestSuite" time="23.776" errors="0" timestamp="2025-01-15T20:00:43 IST" skipped="0">
  <testcase classname="testSuits.ChangePasswordTestSuite" name="TC123_ChangePasswordTest" time="23.776"/>
  <system-out/>
</testsuite> <!-- testSuits.ChangePasswordTestSuite -->
